  stdafx.cpp
  Regressor.cpp
  PropertiesParser.cpp
  Point.cpp
  Neuron.cpp
  NeuralNetwork.cpp
c:\users\thana\visualc++projects\machinelearninglibrary\machinelearninglibrary\neuralnetwork.cpp(67): warning C4267: 'argument': conversion from 'size_t' to 'int', possible loss of data
  NaiveBayesClassifier.cpp
  MultinomialNaiveBayesClassifier.cpp
  MathFunc.cpp
c:\users\thana\visualc++projects\machinelearninglibrary\machinelearninglibrary\mathfunc.cpp(185): warning C4244: 'return': conversion from '__int64' to 'int', possible loss of data
  Loader.cpp
CL : warning : detected 'min' and/or 'max' macros and undefined them;
CL : warning : you may wish to define NOMINMAX before including any windows header
  LinearRegressor.cpp
CL : warning : detected 'min' and/or 'max' macros and undefined them;
CL : warning : you may wish to define NOMINMAX before including any windows header
  Layer.cpp
  KNNClassifier.cpp
c:\program files (x86)\microsoft visual studio\2017\community\vc\tools\msvc\14.11.25503\include\utility(216): warning C4244: 'initializing': conversion from 'unsigned __int64' to 'int', possible loss of data
  c:\users\thana\visualc++projects\machinelearninglibrary\machinelearninglibrary\knnclassifier.cpp(46): note: see reference to function template instantiation 'std::pair<int,double>::pair<unsigned __int64,double,void,0>(std::pair<unsigned __int64,double> &&) noexcept' being compiled
  c:\users\thana\visualc++projects\machinelearninglibrary\machinelearninglibrary\knnclassifier.cpp(46): note: see reference to function template instantiation 'std::pair<int,double>::pair<unsigned __int64,double,void,0>(std::pair<unsigned __int64,double> &&) noexcept' being compiled
  Kmeans.cpp
  GenericFunc.cpp
  GaussianNaiveBayesClassifier.cpp
c:\users\thana\visualc++projects\machinelearninglibrary\machinelearninglibrary\gaussiannaivebayesclassifier.cpp(70): warning C4267: 'argument': conversion from 'size_t' to 'const int', possible loss of data
c:\users\thana\visualc++projects\machinelearninglibrary\machinelearninglibrary\gaussiannaivebayesclassifier.cpp(108): warning C4267: 'argument': conversion from 'size_t' to 'const int', possible loss of data
  Cluster.cpp
  Classifier.cpp
  Generating Code...
lapack_win64_MT.lib(lapack_win64_MT.dll) : warning LNK4006: __imp_xerbla_array_ already defined in blas_win64_MT.lib(blas_win64_MT.dll); second definition ignored
lapack_win64_MT.lib(lapack_win64_MT.dll) : warning LNK4006: xerbla_array_ already defined in blas_win64_MT.lib(blas_win64_MT.dll); second definition ignored
lapack_win64_MT.lib(lapack_win64_MT.dll) : warning LNK4221: This object file does not define any previously undefined public symbols, so it will not be used by any link operation that consumes this library
lapack_win64_MT.lib(lapack_win64_MT.dll) : warning LNK4006: __imp_xerbla_ already defined in blas_win64_MT.lib(blas_win64_MT.dll); second definition ignored
lapack_win64_MT.lib(lapack_win64_MT.dll) : warning LNK4006: xerbla_ already defined in blas_win64_MT.lib(blas_win64_MT.dll); second definition ignored
lapack_win64_MT.lib(lapack_win64_MT.dll) : warning LNK4221: This object file does not define any previously undefined public symbols, so it will not be used by any link operation that consumes this library
lapack_win64_MT.lib(lapack_win64_MT.dll) : warning LNK4006: __imp_lsame_ already defined in blas_win64_MT.lib(blas_win64_MT.dll); second definition ignored
lapack_win64_MT.lib(lapack_win64_MT.dll) : warning LNK4006: lsame_ already defined in blas_win64_MT.lib(blas_win64_MT.dll); second definition ignored
lapack_win64_MT.lib(lapack_win64_MT.dll) : warning LNK4221: This object file does not define any previously undefined public symbols, so it will not be used by any link operation that consumes this library
lapack_win64_MT.lib(lapack_win64_MT.dll) : warning LNK4006: __NULL_IMPORT_DESCRIPTOR already defined in blas_win64_MT.lib(blas_win64_MT.dll); second definition ignored
lapack_win64_MT.lib(lapack_win64_MT.dll) : warning LNK4221: This object file does not define any previously undefined public symbols, so it will not be used by any link operation that consumes this library
  MachineLearningLibrary.vcxproj -> C:\Users\thana\VisualC++Projects\MachineLearningLibrary\x64\Debug\MachineLearningLibrary.lib
