c:\users\thana\visualc++projects\machinelearninglibrary\machinelearninglibrary\debug\machinelearninglibrary.pch
c:\users\thana\visualc++projects\machinelearninglibrary\machinelearninglibrary\debug\machinelearninglibrary.pdb
c:\users\thana\visualc++projects\machinelearninglibrary\machinelearninglibrary\debug\machinelearninglibrary.idb
c:\users\thana\visualc++projects\machinelearninglibrary\machinelearninglibrary\debug\stdafx.obj
c:\users\thana\visualc++projects\machinelearninglibrary\machinelearninglibrary\debug\classifier.obj
c:\users\thana\visualc++projects\machinelearninglibrary\machinelearninglibrary\debug\cluster.obj
c:\users\thana\visualc++projects\machinelearninglibrary\machinelearninglibrary\debug\gaussiannaivebayesclassifier.obj
c:\users\thana\visualc++projects\machinelearninglibrary\machinelearninglibrary\debug\genericfunc.obj
c:\users\thana\visualc++projects\machinelearninglibrary\machinelearninglibrary\debug\kmeans.obj
c:\users\thana\visualc++projects\machinelearninglibrary\machinelearninglibrary\debug\knn.obj
c:\users\thana\visualc++projects\machinelearninglibrary\machinelearninglibrary\debug\layer.obj
c:\users\thana\visualc++projects\machinelearninglibrary\machinelearninglibrary\debug\linearregressor.obj
c:\users\thana\visualc++projects\machinelearninglibrary\machinelearninglibrary\debug\mathfunc.obj
c:\users\thana\visualc++projects\machinelearninglibrary\machinelearninglibrary\debug\multinomialnaivebayesclassifier.obj
c:\users\thana\visualc++projects\machinelearninglibrary\machinelearninglibrary\debug\naivebayesclassifier.obj
c:\users\thana\visualc++projects\machinelearninglibrary\machinelearninglibrary\debug\neuralnetwork.obj
c:\users\thana\visualc++projects\machinelearninglibrary\machinelearninglibrary\debug\neuron.obj
c:\users\thana\visualc++projects\machinelearninglibrary\machinelearninglibrary\debug\point.obj
c:\users\thana\visualc++projects\machinelearninglibrary\machinelearninglibrary\debug\propertiesparser.obj
c:\users\thana\visualc++projects\machinelearninglibrary\machinelearninglibrary\debug\regressor.obj
c:\users\thana\visualc++projects\machinelearninglibrary\debug\machinelearninglibrary.lib
c:\users\thana\visualc++projects\machinelearninglibrary\debug\machinelearninglibrary.pdb
c:\users\thana\visualc++projects\machinelearninglibrary\machinelearninglibrary\debug\machinel.5dac4354.tlog\cl.command.1.tlog
c:\users\thana\visualc++projects\machinelearninglibrary\machinelearninglibrary\debug\machinel.5dac4354.tlog\cl.read.1.tlog
c:\users\thana\visualc++projects\machinelearninglibrary\machinelearninglibrary\debug\machinel.5dac4354.tlog\cl.write.1.tlog
c:\users\thana\visualc++projects\machinelearninglibrary\machinelearninglibrary\debug\machinel.5dac4354.tlog\lib-link.read.1.tlog
c:\users\thana\visualc++projects\machinelearninglibrary\machinelearninglibrary\debug\machinel.5dac4354.tlog\lib-link.write.1.tlog
c:\users\thana\visualc++projects\machinelearninglibrary\machinelearninglibrary\debug\machinel.5dac4354.tlog\lib.command.1.tlog
