  stdafx.cpp
  Classifier.cpp
  Cluster.cpp
  GaussianNaiveBayesClassifier.cpp
GaussianNaiveBayesClassifier.cpp(70): warning C4267: 'argument': conversion from 'size_t' to 'const int', possible loss of data
GaussianNaiveBayesClassifier.cpp(108): warning C4267: 'argument': conversion from 'size_t' to 'const int', possible loss of data
  GenericFunc.cpp
  Kmeans.cpp
  KNNClassifier.cpp
C:\Program Files (x86)\Microsoft Visual Studio\2017\Community\VC\Tools\MSVC\14.11.25503\include\utility(216): warning C4244: 'initializing': conversion from 'unsigned __int64' to 'int', possible loss of data
  KNNClassifier.cpp(46): note: see reference to function template instantiation 'std::pair<int,double>::pair<unsigned __int64,double,void,0>(std::pair<unsigned __int64,double> &&) noexcept' being compiled
  KNNClassifier.cpp(46): note: see reference to function template instantiation 'std::pair<int,double>::pair<unsigned __int64,double,void,0>(std::pair<unsigned __int64,double> &&) noexcept' being compiled
  Layer.cpp
  LinearRegressor.cpp
CL : warning : detected 'min' and/or 'max' macros and undefined them;
CL : warning : you may wish to define NOMINMAX before including any windows header
  Loader.cpp
CL : warning : detected 'min' and/or 'max' macros and undefined them;
CL : warning : you may wish to define NOMINMAX before including any windows header
  MathFunc.cpp
MathFunc.cpp(185): warning C4244: 'return': conversion from '__int64' to 'int', possible loss of data
  MultinomialNaiveBayesClassifier.cpp
  NaiveBayesClassifier.cpp
  NeuralNetwork.cpp
NeuralNetwork.cpp(67): warning C4267: 'argument': conversion from 'size_t' to 'int', possible loss of data
  Neuron.cpp
  Point.cpp
  PropertiesParser.cpp
  Regressor.cpp
blas_win64_MT.lib(blas_win64_MT.dll) : warning LNK4006: __imp_xerbla_array_ already defined in blas_win64_MT.lib(blas_win64_MT.dll); second definition ignored
blas_win64_MT.lib(blas_win64_MT.dll) : warning LNK4006: xerbla_array_ already defined in blas_win64_MT.lib(blas_win64_MT.dll); second definition ignored
blas_win64_MT.lib(blas_win64_MT.dll) : warning LNK4006: __imp_xerbla_ already defined in blas_win64_MT.lib(blas_win64_MT.dll); second definition ignored
blas_win64_MT.lib(blas_win64_MT.dll) : warning LNK4006: xerbla_ already defined in blas_win64_MT.lib(blas_win64_MT.dll); second definition ignored
blas_win64_MT.lib(blas_win64_MT.dll) : warning LNK4006: __imp_lsame_ already defined in blas_win64_MT.lib(blas_win64_MT.dll); second definition ignored
blas_win64_MT.lib(blas_win64_MT.dll) : warning LNK4006: lsame_ already defined in blas_win64_MT.lib(blas_win64_MT.dll); second definition ignored
lapack_win64_MT.lib(lapack_win64_MT.dll) : warning LNK4006: __NULL_IMPORT_DESCRIPTOR already defined in blas_win64_MT.lib(blas_win64_MT.dll); second definition ignored
  MachineLearningLibrary.vcxproj -> C:\Users\thana\VisualC++Projects\MachineLearningLibrary\x64\Release\MachineLearningLibrary.lib
