c:\users\thana\visualc++projects\machinelearninglibrary\machinelearninglibrary\x64\release\machinelearninglibrary.pch
c:\users\thana\visualc++projects\machinelearninglibrary\machinelearninglibrary\x64\release\machinelearninglibrary.pdb
c:\users\thana\visualc++projects\machinelearninglibrary\machinelearninglibrary\x64\release\stdafx.obj
c:\users\thana\visualc++projects\machinelearninglibrary\machinelearninglibrary\x64\release\regressor.obj
c:\users\thana\visualc++projects\machinelearninglibrary\machinelearninglibrary\x64\release\propertiesparser.obj
c:\users\thana\visualc++projects\machinelearninglibrary\machinelearninglibrary\x64\release\point.obj
c:\users\thana\visualc++projects\machinelearninglibrary\machinelearninglibrary\x64\release\neuron.obj
c:\users\thana\visualc++projects\machinelearninglibrary\machinelearninglibrary\x64\release\neuralnetwork.obj
c:\users\thana\visualc++projects\machinelearninglibrary\machinelearninglibrary\x64\release\naivebayesclassifier.obj
c:\users\thana\visualc++projects\machinelearninglibrary\machinelearninglibrary\x64\release\multinomialnaivebayesclassifier.obj
c:\users\thana\visualc++projects\machinelearninglibrary\machinelearninglibrary\x64\release\mathfunc.obj
c:\users\thana\visualc++projects\machinelearninglibrary\machinelearninglibrary\x64\release\linearregressor.obj
c:\users\thana\visualc++projects\machinelearninglibrary\machinelearninglibrary\x64\release\layer.obj
c:\users\thana\visualc++projects\machinelearninglibrary\machinelearninglibrary\x64\release\knn.obj
c:\users\thana\visualc++projects\machinelearninglibrary\machinelearninglibrary\x64\release\kmeans.obj
c:\users\thana\visualc++projects\machinelearninglibrary\machinelearninglibrary\x64\release\genericfunc.obj
c:\users\thana\visualc++projects\machinelearninglibrary\machinelearninglibrary\x64\release\gaussiannaivebayesclassifier.obj
c:\users\thana\visualc++projects\machinelearninglibrary\machinelearninglibrary\x64\release\cluster.obj
c:\users\thana\visualc++projects\machinelearninglibrary\machinelearninglibrary\x64\release\classifier.obj
c:\users\thana\visualc++projects\machinelearninglibrary\x64\release\machinelearninglibrary.lib
c:\users\thana\visualc++projects\machinelearninglibrary\machinelearninglibrary\x64\release\machinel.5dac4354.tlog\cl.command.1.tlog
c:\users\thana\visualc++projects\machinelearninglibrary\machinelearninglibrary\x64\release\machinel.5dac4354.tlog\cl.read.1.tlog
c:\users\thana\visualc++projects\machinelearninglibrary\machinelearninglibrary\x64\release\machinel.5dac4354.tlog\cl.write.1.tlog
c:\users\thana\visualc++projects\machinelearninglibrary\machinelearninglibrary\x64\release\machinel.5dac4354.tlog\lib-link.read.1.tlog
c:\users\thana\visualc++projects\machinelearninglibrary\machinelearninglibrary\x64\release\machinel.5dac4354.tlog\lib-link.write.1.tlog
c:\users\thana\visualc++projects\machinelearninglibrary\machinelearninglibrary\x64\release\machinel.5dac4354.tlog\lib.command.1.tlog
